[21-Nov-2023 09:01:44 UTC] PHP Warning:  require_once(model.php): Failed to open stream: No such file or directory in /var/www/html/wp-content/plugins/tradehouse/index.php on line 9
[21-Nov-2023 09:01:44 UTC] PHP Fatal error:  Uncaught Error: Failed opening required 'model.php' (include_path='.:/usr/local/lib/php') in /var/www/html/wp-content/plugins/tradehouse/index.php:9
Stack trace:
#0 /var/www/html/wp-settings.php(453): include_once()
#1 /var/www/html/wp-config.php(131): require_once('/var/www/html/w...')
#2 /var/www/html/wp-load.php(50): require_once('/var/www/html/w...')
#3 /var/www/html/wp-admin/admin-ajax.php(22): require_once('/var/www/html/w...')
#4 {main}
  thrown in /var/www/html/wp-content/plugins/tradehouse/index.php on line 9
[21-Nov-2023 09:02:35 UTC] PHP Warning:  require_once(model.php): Failed to open stream: No such file or directory in /var/www/html/wp-content/plugins/tradehouse/index.php on line 9
[21-Nov-2023 09:02:35 UTC] PHP Fatal error:  Uncaught Error: Failed opening required 'model.php' (include_path='.:/usr/local/lib/php') in /var/www/html/wp-content/plugins/tradehouse/index.php:9
Stack trace:
#0 /var/www/html/wp-settings.php(453): include_once()
#1 /var/www/html/wp-config.php(131): require_once('/var/www/html/w...')
#2 /var/www/html/wp-load.php(50): require_once('/var/www/html/w...')
#3 /var/www/html/wp-blog-header.php(13): require_once('/var/www/html/w...')
#4 /var/www/html/index.php(17): require('/var/www/html/w...')
#5 {main}
  thrown in /var/www/html/wp-content/plugins/tradehouse/index.php on line 9
[21-Nov-2023 09:03:44 UTC] PHP Warning:  require_once(model.php): Failed to open stream: No such file or directory in /var/www/html/wp-content/plugins/tradehouse/index.php on line 9
[21-Nov-2023 09:03:44 UTC] PHP Fatal error:  Uncaught Error: Failed opening required 'model.php' (include_path='.:/usr/local/lib/php') in /var/www/html/wp-content/plugins/tradehouse/index.php:9
Stack trace:
#0 /var/www/html/wp-settings.php(453): include_once()
#1 /var/www/html/wp-config.php(131): require_once('/var/www/html/w...')
#2 /var/www/html/wp-load.php(50): require_once('/var/www/html/w...')
#3 /var/www/html/wp-admin/admin-ajax.php(22): require_once('/var/www/html/w...')
#4 {main}
  thrown in /var/www/html/wp-content/plugins/tradehouse/index.php on line 9
[21-Nov-2023 09:04:51 UTC] PHP Warning:  require_once(./models/PropertyModel.php): Failed to open stream: No such file or directory in /var/www/html/wp-content/plugins/tradehouse/index.php on line 9
[21-Nov-2023 09:04:51 UTC] PHP Fatal error:  Uncaught Error: Failed opening required './models/PropertyModel.php' (include_path='.:/usr/local/lib/php') in /var/www/html/wp-content/plugins/tradehouse/index.php:9
Stack trace:
#0 /var/www/html/wp-settings.php(453): include_once()
#1 /var/www/html/wp-config.php(131): require_once('/var/www/html/w...')
#2 /var/www/html/wp-load.php(50): require_once('/var/www/html/w...')
#3 /var/www/html/wp-blog-header.php(13): require_once('/var/www/html/w...')
#4 /var/www/html/index.php(17): require('/var/www/html/w...')
#5 {main}
  thrown in /var/www/html/wp-content/plugins/tradehouse/index.php on line 9
[21-Nov-2023 09:04:53 UTC] PHP Warning:  require_once(./models/PropertyModel.php): Failed to open stream: No such file or directory in /var/www/html/wp-content/plugins/tradehouse/index.php on line 9
[21-Nov-2023 09:04:53 UTC] PHP Fatal error:  Uncaught Error: Failed opening required './models/PropertyModel.php' (include_path='.:/usr/local/lib/php') in /var/www/html/wp-content/plugins/tradehouse/index.php:9
Stack trace:
#0 /var/www/html/wp-settings.php(453): include_once()
#1 /var/www/html/wp-config.php(131): require_once('/var/www/html/w...')
#2 /var/www/html/wp-load.php(50): require_once('/var/www/html/w...')
#3 /var/www/html/wp-blog-header.php(13): require_once('/var/www/html/w...')
#4 /var/www/html/index.php(17): require('/var/www/html/w...')
#5 {main}
  thrown in /var/www/html/wp-content/plugins/tradehouse/index.php on line 9
[21-Nov-2023 09:05:44 UTC] PHP Warning:  require_once(./models/PropertyModel.php): Failed to open stream: No such file or directory in /var/www/html/wp-content/plugins/tradehouse/index.php on line 9
[21-Nov-2023 09:05:44 UTC] PHP Fatal error:  Uncaught Error: Failed opening required './models/PropertyModel.php' (include_path='.:/usr/local/lib/php') in /var/www/html/wp-content/plugins/tradehouse/index.php:9
Stack trace:
#0 /var/www/html/wp-settings.php(453): include_once()
#1 /var/www/html/wp-config.php(131): require_once('/var/www/html/w...')
#2 /var/www/html/wp-load.php(50): require_once('/var/www/html/w...')
#3 /var/www/html/wp-admin/admin-ajax.php(22): require_once('/var/www/html/w...')
#4 {main}
  thrown in /var/www/html/wp-content/plugins/tradehouse/index.php on line 9
[21-Nov-2023 09:06:27 UTC] PHP Warning:  require_once(./models/PropertyModel.php): Failed to open stream: No such file or directory in /var/www/html/wp-content/plugins/tradehouse/index.php on line 9
[21-Nov-2023 09:06:27 UTC] PHP Fatal error:  Uncaught Error: Failed opening required './models/PropertyModel.php' (include_path='.:/usr/local/lib/php') in /var/www/html/wp-content/plugins/tradehouse/index.php:9
Stack trace:
#0 /var/www/html/wp-settings.php(453): include_once()
#1 /var/www/html/wp-config.php(131): require_once('/var/www/html/w...')
#2 /var/www/html/wp-load.php(50): require_once('/var/www/html/w...')
#3 /var/www/html/wp-blog-header.php(13): require_once('/var/www/html/w...')
#4 /var/www/html/index.php(17): require('/var/www/html/w...')
#5 {main}
  thrown in /var/www/html/wp-content/plugins/tradehouse/index.php on line 9
[21-Nov-2023 09:06:41 UTC] PHP Warning:  require_once(./models/PropertyModel.php): Failed to open stream: No such file or directory in /var/www/html/wp-content/plugins/tradehouse/index.php on line 9
[21-Nov-2023 09:06:41 UTC] PHP Fatal error:  Uncaught Error: Failed opening required './models/PropertyModel.php' (include_path='.:/usr/local/lib/php') in /var/www/html/wp-content/plugins/tradehouse/index.php:9
Stack trace:
#0 /var/www/html/wp-settings.php(453): include_once()
#1 /var/www/html/wp-config.php(131): require_once('/var/www/html/w...')
#2 /var/www/html/wp-load.php(50): require_once('/var/www/html/w...')
#3 /var/www/html/wp-admin/admin-ajax.php(22): require_once('/var/www/html/w...')
#4 {main}
  thrown in /var/www/html/wp-content/plugins/tradehouse/index.php on line 9
[21-Nov-2023 09:06:56 UTC] PHP Warning:  require_once(./models/PropertyModel.php): Failed to open stream: No such file or directory in /var/www/html/wp-content/plugins/tradehouse/index.php on line 9
[21-Nov-2023 09:06:56 UTC] PHP Fatal error:  Uncaught Error: Failed opening required './models/PropertyModel.php' (include_path='.:/usr/local/lib/php') in /var/www/html/wp-content/plugins/tradehouse/index.php:9
Stack trace:
#0 /var/www/html/wp-settings.php(453): include_once()
#1 /var/www/html/wp-config.php(131): require_once('/var/www/html/w...')
#2 /var/www/html/wp-load.php(50): require_once('/var/www/html/w...')
#3 /var/www/html/wp-admin/admin-ajax.php(22): require_once('/var/www/html/w...')
#4 {main}
  thrown in /var/www/html/wp-content/plugins/tradehouse/index.php on line 9
[21-Nov-2023 09:07:20 UTC] PHP Warning:  require_once(./models/PropertyModel.php): Failed to open stream: No such file or directory in /var/www/html/wp-content/plugins/tradehouse/index.php on line 9
[21-Nov-2023 09:07:20 UTC] PHP Fatal error:  Uncaught Error: Failed opening required './models/PropertyModel.php' (include_path='.:/usr/local/lib/php') in /var/www/html/wp-content/plugins/tradehouse/index.php:9
Stack trace:
#0 /var/www/html/wp-settings.php(453): include_once()
#1 /var/www/html/wp-config.php(131): require_once('/var/www/html/w...')
#2 /var/www/html/wp-load.php(50): require_once('/var/www/html/w...')
#3 /var/www/html/wp-admin/admin-ajax.php(22): require_once('/var/www/html/w...')
#4 {main}
  thrown in /var/www/html/wp-content/plugins/tradehouse/index.php on line 9
[21-Nov-2023 09:07:34 UTC] PHP Warning:  require_once(./views/PropertyView.php): Failed to open stream: No such file or directory in /var/www/html/wp-content/plugins/tradehouse/index.php on line 10
[21-Nov-2023 09:07:34 UTC] PHP Fatal error:  Uncaught Error: Failed opening required './views/PropertyView.php' (include_path='.:/usr/local/lib/php') in /var/www/html/wp-content/plugins/tradehouse/index.php:10
Stack trace:
#0 /var/www/html/wp-settings.php(453): include_once()
#1 /var/www/html/wp-config.php(131): require_once('/var/www/html/w...')
#2 /var/www/html/wp-load.php(50): require_once('/var/www/html/w...')
#3 /var/www/html/wp-blog-header.php(13): require_once('/var/www/html/w...')
#4 /var/www/html/index.php(17): require('/var/www/html/w...')
#5 {main}
  thrown in /var/www/html/wp-content/plugins/tradehouse/index.php on line 10
[21-Nov-2023 09:07:35 UTC] PHP Warning:  require_once(./views/PropertyView.php): Failed to open stream: No such file or directory in /var/www/html/wp-content/plugins/tradehouse/index.php on line 10
[21-Nov-2023 09:07:35 UTC] PHP Fatal error:  Uncaught Error: Failed opening required './views/PropertyView.php' (include_path='.:/usr/local/lib/php') in /var/www/html/wp-content/plugins/tradehouse/index.php:10
Stack trace:
#0 /var/www/html/wp-settings.php(453): include_once()
#1 /var/www/html/wp-config.php(131): require_once('/var/www/html/w...')
#2 /var/www/html/wp-load.php(50): require_once('/var/www/html/w...')
#3 /var/www/html/wp-admin/admin-ajax.php(22): require_once('/var/www/html/w...')
#4 {main}
  thrown in /var/www/html/wp-content/plugins/tradehouse/index.php on line 10
[21-Nov-2023 09:08:15 UTC] PHP Warning:  Undefined variable $rent_price in /var/www/html/wp-content/plugins/tradehouse/index.php on line 120
[21-Nov-2023 09:08:15 UTC] PHP Warning:  Undefined variable $payment_frequency in /var/www/html/wp-content/plugins/tradehouse/index.php on line 124
[21-Nov-2023 09:08:15 UTC] PHP Warning:  Undefined variable $payment_frequency in /var/www/html/wp-content/plugins/tradehouse/index.php on line 125
[21-Nov-2023 09:08:15 UTC] PHP Warning:  Undefined variable $bedrooms in /var/www/html/wp-content/plugins/tradehouse/index.php on line 129
[21-Nov-2023 09:08:15 UTC] PHP Warning:  Undefined variable $bathrooms in /var/www/html/wp-content/plugins/tradehouse/index.php on line 132
[21-Nov-2023 09:08:15 UTC] PHP Warning:  Undefined variable $parking_spaces in /var/www/html/wp-content/plugins/tradehouse/index.php on line 135
[21-Nov-2023 09:08:15 UTC] PHP Warning:  Undefined variable $parking_type in /var/www/html/wp-content/plugins/tradehouse/index.php on line 139
[21-Nov-2023 09:08:15 UTC] PHP Warning:  Undefined variable $parking_type in /var/www/html/wp-content/plugins/tradehouse/index.php on line 140
[21-Nov-2023 09:08:15 UTC] PHP Warning:  Undefined variable $availability_date in /var/www/html/wp-content/plugins/tradehouse/index.php on line 144
[21-Nov-2023 09:08:15 UTC] PHP Warning:  Undefined variable $pet_allowed in /var/www/html/wp-content/plugins/tradehouse/index.php on line 147
[21-Nov-2023 09:08:15 UTC] PHP Warning:  Undefined variable $smoker_allowed in /var/www/html/wp-content/plugins/tradehouse/index.php on line 150
[21-Nov-2023 09:08:15 UTC] PHP Warning:  Cannot modify header information - headers already sent by (output started at /var/www/html/wp-content/plugins/tradehouse/index.php:118) in /var/www/html/wp-admin/admin-ajax.php on line 27
[21-Nov-2023 09:08:15 UTC] PHP Warning:  Cannot modify header information - headers already sent by (output started at /var/www/html/wp-content/plugins/tradehouse/index.php:118) in /var/www/html/wp-admin/admin-ajax.php on line 28
[21-Nov-2023 09:08:15 UTC] PHP Warning:  Cannot modify header information - headers already sent by (output started at /var/www/html/wp-content/plugins/tradehouse/index.php:118) in /var/www/html/wp-includes/functions.php on line 6782
[21-Nov-2023 09:08:15 UTC] PHP Warning:  Cannot modify header information - headers already sent by (output started at /var/www/html/wp-content/plugins/tradehouse/index.php:118) in /var/www/html/wp-admin/includes/misc.php on line 1431
[21-Nov-2023 09:08:15 UTC] PHP Warning:  Cannot modify header information - headers already sent by (output started at /var/www/html/wp-content/plugins/tradehouse/index.php:118) in /var/www/html/wp-includes/functions.php on line 6896
[21-Nov-2023 09:09:09 UTC] PHP Warning:  Undefined variable $rent_price in /var/www/html/wp-content/plugins/tradehouse/index.php on line 120
[21-Nov-2023 09:09:09 UTC] PHP Warning:  Undefined variable $payment_frequency in /var/www/html/wp-content/plugins/tradehouse/index.php on line 124
[21-Nov-2023 09:09:09 UTC] PHP Warning:  Undefined variable $payment_frequency in /var/www/html/wp-content/plugins/tradehouse/index.php on line 125
[21-Nov-2023 09:09:09 UTC] PHP Warning:  Undefined variable $bedrooms in /var/www/html/wp-content/plugins/tradehouse/index.php on line 129
[21-Nov-2023 09:09:09 UTC] PHP Warning:  Undefined variable $bathrooms in /var/www/html/wp-content/plugins/tradehouse/index.php on line 132
[21-Nov-2023 09:09:09 UTC] PHP Warning:  Undefined variable $parking_spaces in /var/www/html/wp-content/plugins/tradehouse/index.php on line 135
[21-Nov-2023 09:09:09 UTC] PHP Warning:  Undefined variable $parking_type in /var/www/html/wp-content/plugins/tradehouse/index.php on line 139
[21-Nov-2023 09:09:09 UTC] PHP Warning:  Undefined variable $parking_type in /var/www/html/wp-content/plugins/tradehouse/index.php on line 140
[21-Nov-2023 09:09:09 UTC] PHP Warning:  Undefined variable $availability_date in /var/www/html/wp-content/plugins/tradehouse/index.php on line 144
[21-Nov-2023 09:09:09 UTC] PHP Warning:  Undefined variable $pet_allowed in /var/www/html/wp-content/plugins/tradehouse/index.php on line 147
[21-Nov-2023 09:09:09 UTC] PHP Warning:  Undefined variable $smoker_allowed in /var/www/html/wp-content/plugins/tradehouse/index.php on line 150
[21-Nov-2023 09:09:09 UTC] PHP Warning:  Cannot modify header information - headers already sent by (output started at /var/www/html/wp-content/plugins/tradehouse/index.php:118) in /var/www/html/wp-content/plugins/jwt-auth/class-auth.php on line 98
[21-Nov-2023 09:09:09 UTC] PHP Warning:  Cannot modify header information - headers already sent by (output started at /var/www/html/wp-content/plugins/tradehouse/index.php:118) in /var/www/html/wp-includes/rest-api/class-wp-rest-server.php on line 1762
[21-Nov-2023 09:09:09 UTC] PHP Warning:  Cannot modify header information - headers already sent by (output started at /var/www/html/wp-content/plugins/tradehouse/index.php:118) in /var/www/html/wp-includes/rest-api/class-wp-rest-server.php on line 1786
[21-Nov-2023 09:10:15 UTC] PHP Warning:  Undefined variable $rent_price in /var/www/html/wp-content/plugins/tradehouse/index.php on line 120
[21-Nov-2023 09:10:15 UTC] PHP Warning:  Undefined variable $payment_frequency in /var/www/html/wp-content/plugins/tradehouse/index.php on line 124
[21-Nov-2023 09:10:15 UTC] PHP Warning:  Undefined variable $payment_frequency in /var/www/html/wp-content/plugins/tradehouse/index.php on line 125
[21-Nov-2023 09:10:15 UTC] PHP Warning:  Undefined variable $bedrooms in /var/www/html/wp-content/plugins/tradehouse/index.php on line 129
[21-Nov-2023 09:10:15 UTC] PHP Warning:  Undefined variable $bathrooms in /var/www/html/wp-content/plugins/tradehouse/index.php on line 132
[21-Nov-2023 09:10:15 UTC] PHP Warning:  Undefined variable $parking_spaces in /var/www/html/wp-content/plugins/tradehouse/index.php on line 135
[21-Nov-2023 09:10:15 UTC] PHP Warning:  Undefined variable $parking_type in /var/www/html/wp-content/plugins/tradehouse/index.php on line 139
[21-Nov-2023 09:10:15 UTC] PHP Warning:  Undefined variable $parking_type in /var/www/html/wp-content/plugins/tradehouse/index.php on line 140
[21-Nov-2023 09:10:15 UTC] PHP Warning:  Undefined variable $availability_date in /var/www/html/wp-content/plugins/tradehouse/index.php on line 144
[21-Nov-2023 09:10:15 UTC] PHP Warning:  Undefined variable $pet_allowed in /var/www/html/wp-content/plugins/tradehouse/index.php on line 147
[21-Nov-2023 09:10:15 UTC] PHP Warning:  Undefined variable $smoker_allowed in /var/www/html/wp-content/plugins/tradehouse/index.php on line 150
[21-Nov-2023 09:10:15 UTC] PHP Warning:  Cannot modify header information - headers already sent by (output started at /var/www/html/wp-content/plugins/tradehouse/index.php:118) in /var/www/html/wp-admin/admin-ajax.php on line 27
[21-Nov-2023 09:10:15 UTC] PHP Warning:  Cannot modify header information - headers already sent by (output started at /var/www/html/wp-content/plugins/tradehouse/index.php:118) in /var/www/html/wp-admin/admin-ajax.php on line 28
[21-Nov-2023 09:10:15 UTC] PHP Warning:  Cannot modify header information - headers already sent by (output started at /var/www/html/wp-content/plugins/tradehouse/index.php:118) in /var/www/html/wp-includes/functions.php on line 6782
[21-Nov-2023 09:10:15 UTC] PHP Warning:  Cannot modify header information - headers already sent by (output started at /var/www/html/wp-content/plugins/tradehouse/index.php:118) in /var/www/html/wp-admin/includes/misc.php on line 1431
[21-Nov-2023 09:10:15 UTC] PHP Warning:  Cannot modify header information - headers already sent by (output started at /var/www/html/wp-content/plugins/tradehouse/index.php:118) in /var/www/html/wp-includes/functions.php on line 6896
[21-Nov-2023 09:20:25 UTC] PHP Fatal error:  Uncaught TypeError: call_user_func_array(): Argument #1 ($callback) must be a valid callback, function "tradehouse_watchlist" not found or invalid function name in /var/www/html/wp-includes/class-wp-hook.php:308
Stack trace:
#0 /var/www/html/wp-includes/class-wp-hook.php(332): WP_Hook->apply_filters(NULL, Array)
#1 /var/www/html/wp-includes/plugin.php(517): WP_Hook->do_action(Array)
#2 /var/www/html/wp-includes/rest-api.php(577): do_action('rest_api_init', Object(WP_REST_Server))
#3 /var/www/html/wp-includes/rest-api.php(403): rest_get_server()
#4 /var/www/html/wp-includes/class-wp-hook.php(308): rest_api_loaded(Object(WP))
#5 /var/www/html/wp-includes/class-wp-hook.php(332): WP_Hook->apply_filters('', Array)
#6 /var/www/html/wp-includes/plugin.php(565): WP_Hook->do_action(Array)
#7 /var/www/html/wp-includes/class-wp.php(399): do_action_ref_array('parse_request', Array)
#8 /var/www/html/wp-includes/class-wp.php(780): WP->parse_request('')
#9 /var/www/html/wp-includes/functions.php(1334): WP->main('')
#10 /var/www/html/wp-blog-header.php(16): wp()
#11 /var/www/html/index.php(17): require('/var/www/html/w...')
#12 {main}
  thrown in /var/www/html/wp-includes/class-wp-hook.php on line 308
[21-Nov-2023 09:21:11 UTC] PHP Fatal error:  Uncaught TypeError: call_user_func_array(): Argument #1 ($callback) must be a valid callback, function "tradehouse_watchlist" not found or invalid function name in /var/www/html/wp-includes/class-wp-hook.php:308
Stack trace:
#0 /var/www/html/wp-includes/class-wp-hook.php(332): WP_Hook->apply_filters(NULL, Array)
#1 /var/www/html/wp-includes/plugin.php(517): WP_Hook->do_action(Array)
#2 /var/www/html/wp-includes/rest-api.php(577): do_action('rest_api_init', Object(WP_REST_Server))
#3 /var/www/html/wp-includes/rest-api.php(403): rest_get_server()
#4 /var/www/html/wp-includes/class-wp-hook.php(308): rest_api_loaded(Object(WP))
#5 /var/www/html/wp-includes/class-wp-hook.php(332): WP_Hook->apply_filters('', Array)
#6 /var/www/html/wp-includes/plugin.php(565): WP_Hook->do_action(Array)
#7 /var/www/html/wp-includes/class-wp.php(399): do_action_ref_array('parse_request', Array)
#8 /var/www/html/wp-includes/class-wp.php(780): WP->parse_request('')
#9 /var/www/html/wp-includes/functions.php(1334): WP->main('')
#10 /var/www/html/wp-blog-header.php(16): wp()
#11 /var/www/html/index.php(17): require('/var/www/html/w...')
#12 {main}
  thrown in /var/www/html/wp-includes/class-wp-hook.php on line 308
[21-Nov-2023 09:21:12 UTC] PHP Fatal error:  Uncaught TypeError: call_user_func_array(): Argument #1 ($callback) must be a valid callback, function "tradehouse_watchlist" not found or invalid function name in /var/www/html/wp-includes/class-wp-hook.php:308
Stack trace:
#0 /var/www/html/wp-includes/class-wp-hook.php(332): WP_Hook->apply_filters(NULL, Array)
#1 /var/www/html/wp-includes/plugin.php(517): WP_Hook->do_action(Array)
#2 /var/www/html/wp-includes/rest-api.php(577): do_action('rest_api_init', Object(WP_REST_Server))
#3 /var/www/html/wp-includes/rest-api.php(403): rest_get_server()
#4 /var/www/html/wp-includes/class-wp-hook.php(308): rest_api_loaded(Object(WP))
#5 /var/www/html/wp-includes/class-wp-hook.php(332): WP_Hook->apply_filters('', Array)
#6 /var/www/html/wp-includes/plugin.php(565): WP_Hook->do_action(Array)
#7 /var/www/html/wp-includes/class-wp.php(399): do_action_ref_array('parse_request', Array)
#8 /var/www/html/wp-includes/class-wp.php(780): WP->parse_request('')
#9 /var/www/html/wp-includes/functions.php(1334): WP->main('')
#10 /var/www/html/wp-blog-header.php(16): wp()
#11 /var/www/html/index.php(17): require('/var/www/html/w...')
#12 {main}
  thrown in /var/www/html/wp-includes/class-wp-hook.php on line 308
[21-Nov-2023 09:22:45 UTC] PHP Parse error:  syntax error, unexpected token ";", expecting ")" in /var/www/html/wp-content/plugins/tradehouse/controllers/PropertyController.php on line 22
[21-Nov-2023 09:22:57 UTC] PHP Fatal error:  Uncaught TypeError: call_user_func_array(): Argument #1 ($callback) must be a valid callback, function "tradehouse_watchlist" not found or invalid function name in /var/www/html/wp-includes/class-wp-hook.php:308
Stack trace:
#0 /var/www/html/wp-includes/class-wp-hook.php(332): WP_Hook->apply_filters(NULL, Array)
#1 /var/www/html/wp-includes/plugin.php(517): WP_Hook->do_action(Array)
#2 /var/www/html/wp-includes/rest-api.php(577): do_action('rest_api_init', Object(WP_REST_Server))
#3 /var/www/html/wp-includes/rest-api.php(403): rest_get_server()
#4 /var/www/html/wp-includes/class-wp-hook.php(308): rest_api_loaded(Object(WP))
#5 /var/www/html/wp-includes/class-wp-hook.php(332): WP_Hook->apply_filters('', Array)
#6 /var/www/html/wp-includes/plugin.php(565): WP_Hook->do_action(Array)
#7 /var/www/html/wp-includes/class-wp.php(399): do_action_ref_array('parse_request', Array)
#8 /var/www/html/wp-includes/class-wp.php(780): WP->parse_request('')
#9 /var/www/html/wp-includes/functions.php(1334): WP->main('')
#10 /var/www/html/wp-blog-header.php(16): wp()
#11 /var/www/html/index.php(17): require('/var/www/html/w...')
#12 {main}
  thrown in /var/www/html/wp-includes/class-wp-hook.php on line 308
[21-Nov-2023 09:24:09 UTC] PHP Fatal error:  Uncaught TypeError: call_user_func_array(): Argument #1 ($callback) must be a valid callback, function "tradehouse_watchlist" not found or invalid function name in /var/www/html/wp-includes/class-wp-hook.php:308
Stack trace:
#0 /var/www/html/wp-includes/class-wp-hook.php(332): WP_Hook->apply_filters(NULL, Array)
#1 /var/www/html/wp-includes/plugin.php(517): WP_Hook->do_action(Array)
#2 /var/www/html/wp-includes/rest-api.php(577): do_action('rest_api_init', Object(WP_REST_Server))
#3 /var/www/html/wp-includes/rest-api.php(403): rest_get_server()
#4 /var/www/html/wp-includes/class-wp-hook.php(308): rest_api_loaded(Object(WP))
#5 /var/www/html/wp-includes/class-wp-hook.php(332): WP_Hook->apply_filters('', Array)
#6 /var/www/html/wp-includes/plugin.php(565): WP_Hook->do_action(Array)
#7 /var/www/html/wp-includes/class-wp.php(399): do_action_ref_array('parse_request', Array)
#8 /var/www/html/wp-includes/class-wp.php(780): WP->parse_request('')
#9 /var/www/html/wp-includes/functions.php(1334): WP->main('')
#10 /var/www/html/wp-blog-header.php(16): wp()
#11 /var/www/html/index.php(17): require('/var/www/html/w...')
#12 {main}
  thrown in /var/www/html/wp-includes/class-wp-hook.php on line 308
